1622286651842:help
1622286665293:req-sender
1622286712375:req-sender --id "r1" --addr "localhost:52586"
1622286739798:req-sender --id "r1" --addr "localhost:52586" --s-id "s1"
1622286801435:help
1622286806627:help req-sender
1622286894608:req-sender "\n"
1622286930973:req-sender "r1" "localhost:52586" "s1"
1622287571453:my-addr
1622287605071:req-receiver "r1" my-addr "s1"
1622287626531:req-sender "r1" my-addr "s1"
1622287672451:req-receiver "r1" my-addr "s1"
1622288014016:exit
1622288110843:help
1622642760574:my-addr
1622642795624:req-sender --addr "localhost:49904" --id "r1" --sid "s1"
1622642819419:exit
1622644152024:req-sender --addr "" --id "" --sid ""
1622644177310:stacktrace
1622644184147:help
1622644193259:help req-sender
1622644245040:req-sender -addr "ocalhost:88888"  --id "1" --sid "s1"
1622644258119:disconnect
1622644270826:exit
1622644845798:help
1622644866409:help disconnect
1622645640365:help
1622660376399:quit
1622660548953:help
1622662103348:my-addr
1622662132614:sconnect --id "s1" --addr "localhost:54315" --rid "r1"
1622662148234:my-addr
1622662173959:rconnect --id "r1" --addr "localhost:54319" --sid "s1"
1622662182272:
1622662198986:help
1622662242101:initfs --path "/Users/adman/Z/Other.zip"
1622662313888:rdisconnect
1622662337685:sconnect --id "s1" --addr "localhost:54315" --rid "r1"
1622662340719:rconnect --id "r1" --addr "localhost:54319" --sid "s1"
1622669499691:help
1622670792159:set-profile --profile SENDER
1622670806090:my-profile
1622671067950:help
1622671442988:my-addr
1622671457870:set-profile --profile SENDER
1622671469022:set-profile --profile RECEIVER
1622671479794:set-profile --profile SENDER
1622671484415:help
1622671564532:my-addr
1622671569960:set-profile --profile SENDER
1622671575176:set-profile --profile RECEIVER
1622671581590:help
1622671618104:sconnect --id "s1" --addr "localhost:56419" --rid "r1"
1622671656885:help
1622671664951:my-addr
1622671683458:rconnect --id "r1" --addr "localhost:56421" --sid "s1"
1622671727025:rdisconnect
1622671736287:sdisconnect
1622671792539:sconnect --id "s1" --addr "localhost:56419" --rid "r1"
1622671796314:rconnect --id "r1" --addr "localhost:56421" --sid "s1"
1622671809786:help
1622740514267:my-addr
1622740524867:my-addr
1622740532441:help
1622740542578:set-profile --profile SENDER
1622740546433:help
1622740557803:my-addr
1622740588039:sconnect --addr "localhost:51759" --id "s1" --rid "r1"
1622740663982:my-addr
1622740674703:set-profile --profile RECEIVER
1622740708703:rconnect --addr "localhost:51760" --id "r1" --sid "s1"
1622740712743:my-addr
1622740904432:quit
1622751901154:my-addr
1622751910979:set-profile SENDER
1622755392437:set-profile --profile SENDER
1622755398655:set-profile --profile RECEIVER
1622755405649:my-addr
1622755436505:sconnect --addr "localhost:54080" --id "s1" --rid "r1"
1622755457232:my-addr
1622755481786:rconnect --addr "localhost:54081" --id "r1" --sid "s1"
1622755487199:my-addr
1622755493168:my-addr
1622755553911:set-profile --profile SENDER
1622755559464:set-profile --profile RECEIVER
1622755565340:my-addr
1622755572471:my-addr
1622755593014:sconnect --addr "localhost:54120" --id "s1" --rid "r1"
1622755615885:rconnect --addr "localhost:54121" --id "r1" --sid "s1"
1622755623382:my-addr
1622755630280:my-addr
1622755762820:set-profile --profile SENDER
1622755768690:set-profile --profile RECEIVER
1622755772907:my-addr
1622755797055:sconnect --addr "localhost:54152" --id "s1" --rid "r1"
1622755807196:my-addr
1622755830064:rconnect --addr "localhost:54153" --id "r1" --sid "s1"
1622755854284:my-addr
1622757154882:set-profile --profile SENDER
1622757158291:my-addr
1622757163791:set-profile --profile RECEIVER
1622757166565:my-addr
1622757192903:sconnect --addr "localhost:54218" --id "s1" --rid "r1"
1622757217909:rconnect --addr "localhost:54219" --id "r1" --sid "s1"
1622757232539:help
1622757240232:sdisconnect
1622757251595:sconnect --addr "localhost:54218" --id "s1" --rid "r1"
1622757264978:rdisconnect
1622823486126:set-profile --profile SENDER
1622823498458:my-addr
1622823520301:sconnect --addr "localhost:50788" --id "s1" --rid "r1"
1622823531956:sconnect
1622823550544:set-profile --profile RECEIVER
1622823553920:my-addr
1622823574569:rconnect --addr "localhost:50789" --id "r1" --sid "s1"
1622823583840:help
1622823625289:initfs --path "/Users/adman/Z.zip"
1622823936425:set-profile --profile SENDER
1622823941092:my-addr
1622823945352:set-profile --profile RECEIVER
1622823947878:my-addr
1622823969159:sconnect --addr "localhost:50818" --id "s1" --rid "r1"
1622823991950:rconnect --addr "localhost:50819" --id "r1" "s1"
1622824011174:initfs --path "/Users/adman/Z.zip"
1622824295486:set-profile --profile SENDER
1622824299155:my-addr
1622824303942:my-profile
1622824392532:set-profile --profile RECEIVER
1622824395261:my-addr
1622824418152:sconnect --addr "localhost:50847" --id "s1" --rid "r1"
1622824455855:sconnect --addr "localhost:50848" --id "r1" --rid "s1"
1622824475610:rconnect --addr "localhost:50848" --id "r1" --sid "s1"
1622824504235:initfs --path "/Users/adman/Z.zip"
1622825576112:set-profile
1622825581467:set-profile --profile SENDER
1622825584895:my-addr
1622825591342:set-profile --profile RECEIVER
1622825593481:my-addr
1622825620634:sconnect --addr "localhost:51731" --id "s1" --rid "r1"
1622825659966:rconnect --addr "localhost:51732" --id "r1" "s1"
1622825710411:initfs --path "/Users/adman/Z.zip"
1622827687750:set-profile --profile SENDER
1622827690893:my-addr
1622827698912:set-profile --profile RECEIVER
1622827709764:my-addr
1622827733945:sconnect --addr 'localhost:51935' --id 's1' --rid 'r1'
1622827780384:rconnect --addr 'localhost:51937' --id 'r1' --sid 's1'
1622827801440:initfs --path '/Users/adman/Z.zip'
1622831859382:set-profile --profile SENDER
1622831864695:my-addr
1622831888360:sconnect --addr "localhost:52089" --id "s1" --rid "r1"
1622832158847:set-profile --profile SENDER
1622832163599:my-addr
1622832185922:sconnect --addr "localhost:52111" --id "s1" --rid "r1"
1622838620751:set-profile --profile SENDER
1622838622878:my-addr
1622838628978:set-profile --profile RECEIVER
1622838646986:my-addr
1622838677828:sconnect --addr "localhost:53993" --id "s1" --rid "r1"
1622838706413:rconnect --addr "localhost:53994" --id "r1" --sid "s1"
1622838837525:initfs --path "Users/adman/Z.zip"
1622840137676:initfs --path "Users/adman/Z/Other.zip"
1622840229621:initfs --path "/Users/adman/Z/Other.zip"
1622840535769:set-profile --profile SENDER
1622840539085:my-addr
1622840543816:set-profile --profile RECEIVER
1622840545791:my-addr
1622840567308:sconnect --addr "localhost:54258" --id "s1" --rid "r1"
1622840608201:rconnect --addr "localhost:54259" --id "r1" --sid "s1"
1622840691459:initfs --path "/Users/adman/Z/Other.zip"
1622840812057:sconnect --addr "localhost:54258" --id "s1" --rid "r1"
1622841277198:set-profile --profile SENDER
1622841279084:my-addr
1622841283569:set-profile --profile RECEIVER
1622841285521:my-addr
1622841307694:sconnect --addr "localhost:54291" --id "s1" --rid "r1"
1622841342177:rconnect --addr "localhost:54292" --id "r1" --sid "s1"
1622841362183:initfs --path "/Users/adman/Z.zip"
1622841377502:stopfs
1622841687471:set-profile --profile SENDER
1622841689564:my-addr
1622841696678:set-profile --profile RECEIVER
1622841699837:my-addr
1622841724008:sconnect --addr 'localhost:54317' --id 's1' --rid 'r1'
1622841751439:rconnect --addr "localhost:54292" --id "r1" --sid "s1"
1622841764349:initfs --path "/Users/adman/Z.zip"
1622841777211:sconnect --addr 'localhost:54317' --id 's1' --rid 'r1'
1622841788466:initfs --path "/Users/adman/Z.zip"
1622841858599:sconnect --addr 'localhost:54317' --id 's1' --rid 'r1'
1622841874370:initfs --path "/Users/adman/Z.zip"
1622842066416:set-profile SENDER
1622842074518:my-addr
1622842105421:sconnect --addr 'localhost:54356' --id 's1' --rid 'r1'
1622842116273:set-profile RECEIVER
1622842120291:my-addr
1622842145448:rconnect --addr 'localhost:54360' --id 'r1' --sid 's1'
1622842188192:initfs --path "\n\n\n\n"
1622842208883:initfs --path "/Users/adman/Z.zip"
1622842261948:stopfs
1622842340573:set-profile --profile SENDER
1622842342723:my-addr
1622842347602:set-profile --profile RECEIVER
1622842349532:my-addr
1622842371874:sconnect --addr 'localhost:54384' --id 's1' --rid 'r1'
1622842392046:rconnect --addr 'localhost:54385' --id 'r1' --sid 's1'
1622842413913:initfs --path "/Users/adman/Z.zip"
1622842427010:stopfs
1622842447901:initfs --path "/Users/adman/Z.zip"
1622843132834:set-profile --profile SENDER
1622843175332:sconnect --addr my-addr --id "s1" --rid "r1"
1622843190945:set-profile --profile RECEIVER
1622843206920:my-addr
1622843226875:rconnect --addr 'localhost:54445' --id 'r1' --sid 's1'
1622843313893:set-profile --profile SENDER
1622843326862:sconnect --addr my-addr --id 's1' --rid 'r1'
1622843368296:set-profile --profile SENDER
1622843388128:sconnect --addr my-addr --id 's1' --rid 'r1'
1622843417021:my-addr
1622843419419:sconnect --addr my-addr --id 's1' --rid 'r1'
1622844465815:set-profile --profile SENDER
1622844468957:m
1622844470839:my-addr
1622844488962:sconnect --addr 'localhost:55263' --id 's1' --rid 'r1'
1622844493973:set-profile --profile RECEIVER
1622844496432:my-addr
1622844519913:rconnect --addr 'localhost:55264' --id 'r1' --sid 's1'
1622902340829:set-profile --profile SENDER
1622902346569:set-profile --profile RECEIVER
1622902354870:my-addr
1622902373723:sconnect --addr "localhost:51001" --id "s1" --rid "r1"
1622902379923:my-addr
1622902400760:rconnect --addr "localhost:51002" --id "r1" --sid "s1"
1622902420022:help
1622902470202:dest-diir --path "/Users/adman/Desktop/Dest/File/"
1622902516988:initfs --path "/Users/adman/Z/Other.zip"
1622902566886:set-profile --profile SENDER
1622902568683:my-addr
1622902572530:set-profile --profile RECEIVER
1622902574755:my-addr
1622902594682:sconnect --addr "locahost:51025" --id "s1" --rid "r1"
1622902614698:rconnect --addr "localhost:51026" --id "r1" --sid "s1"
1622902669982:sconnect --addr "localhost:51025" --id "s1" --rid "r1"
1622902693276:dest-diir --path "/Users/adman/Desktop/Dest/File/"
1622902702633:initfs --path "/Users/adman/Z/Other.zip"
1622904317009:set-profile --profile SENDER
1622904323042:my-addr
1622904427678:sconnect --addr "localhost:51999" --id "s1" --rid "r1"
1622904473336:set-profile --profile RECEIVER
1622904475212:my-addr
1622904493292:rconnect --addr "localhost:52000" --id "r1" --sid "s1"
1622904529817:initfs --path "/Users/adman/Z/Other.zip"
1622905148380:set-profile --profile SENDER
1622905153634:set-profile --profile RECEIVER
1622905156452:my-addr
1622905159977:my-addr
1622905277085:set-profile --profile SENDER
1622905280117:my-addr
1622905293650:set-profile --profile RECEIVER
1622905294925:my-addr
1622905318139:sconnect --addr "localhost:52068" --id "s1" --rid "r1"
1622905339664:rconnect --addr "localhost:52070" --id "r1" --sid "s1"
1622905635139:set-profile --profile SENDER
1622905645762:set-profile --profile RECEIVER
1622905649951:my-addr
1622905653643:my-addr
1622905679236:sconnect --addr "localhost:52094" --id "s1" --rid "r1"
1622905723874:rconnect --addr "localhost:52095" --id "localhost:52095" --sid "s1"
1622905749087:rconnect --addr "localhost:52095" --id "r1" --sid "s1"
1622906006706:set-profile --profile SENDER
1622906015173:set-profile --profile RECEIVER
1622906019424:my-addr
1622906023066:my-addr
1622906035197:sconnect --addr "localhost:52111" --id "s1" --rid "r1"
1622906048652:rconnect --addr "localhost:52112" --id "r1" --sid "s1"
1622908102249:set-profile --profile SENDER
1622908104755:my-addr
1622908110831:set-profile --profile RECEIVER
1622908113744:my-addr
1622908126164:sconnect --addr "localhost:52217" --id "s1" --rid "r1"
1622908135052:rconnect --addr "localhost:52218" --id "r1" --sid "s1"
1622908162916:initfs --path "/Users/adman/Z/Other.zip"
1622908921702:set-profile --profile SENDER
1622908924244:my-addr
1622908937021:sconnect --addr "localhost:52237" --id "s1" --rid "r1"
1622908941859:set-profile --profile RECEIVER
1622908944086:my-addr
1622908952958:rconnect --addr "localhost:52238" --id "r1" --sid "s1"
1622909031182:set-profile --profile SENDER
1622909035400:set-profile --profile RECEIVER
1622909037266:my-addr
1622909039402:my-addr
1622909053643:sconnect --addr "localhost:52245" --id "s1" --rid "r1"
1622909062578:rconnect --addr "localhost:52246" --id "r1" --sid "s1"
1622909183526:set-profile --profile SENDER
1622909189792:set-profile --profile RECEIVER
1622909191679:my-addr
1622909193254:my-addr
1622909203988:sconnect --addr "localhost:52254" --id "s1" --rid "r1"
1622909210386:rconnect --addr "localhost:52255" --id "r1" --sid "s1"
1622909223773:initfs --path "/Users/adman/Z.zip"
1622909238719:stopfs
1622909247072:initfs --path "/Users/adman/Z/Other.zip"
1622909771380:set-profile --profile SENDER
1622909774747:my-addr
1622909780803:set-profile --profile RECEIVER
1622909783589:my-addr
1622909799011:sconnect --addr "localhost:52422" --id "s1" --rid "r1"
1622909821108:rconnect --addr "localhost:52423" --id "r1" --sid "s1"
1622910086433:set-profile --profile SENDER
1622910093123:my-addr
1622910098350:set-profile --profile RECEIVER
1622910100963:my-addr
1622910115916:sconnect --addr "localhost:52434" --id "s1" --rid "r1"
1622910127090:rconnect --addr "localhost:52435" --id "r1" --sid "s1"
1622910273690:set-profile --profile SENDER
1622910274703:my-addr
1622910280069:set-profile --profile RECEIVER
1622910281125:my-addr
1622910290988:sconnect --addr "localhost:52443" --id "s1" --rid "r1"
1622910299144:rconnect --addr "localhost:52445" --id "r1" --sid "s1"
1622910432624:set-profile --profile SENDER
1622910438323:set-profile --profile RECEIVER
1622910442204:my-addr
1622910444628:my-addr
1622910470396:sconnect --addr "localhost:52454" --id "s1" --rid "r1"
1622910478910:rconnect --addr "localhost:52455" --id "r1" --sid "s1"
1622910489468:rdisconnect
1622910881323:set-profile --profile SENDER
1622910882738:my-addr
1622910886720:set-profile --profile RECEIVER
1622910887743:my-addr
1622910900211:sconnect --addr "localhost:52468" --id "s1" --rid "r1"
1622910911040:rconnect --addr "localhost:52469" --id "r1" --sid "s1"
1622910945934:my-addr
1622911009685:set-profile --profile SENDER
1622911017469:my-addr
1622911026198:set-profile
1622911032684:set-profile --profile RECEIVER
1622911033997:my-addr
1622911045269:sconnect --addr "localhost:52478" --id "s1" --rid "r1"
1622911057586:rconnect --addr "localhost:52479" --id "r1" --sid "s1"
1622911065762:rdisconnect
1622911238009:rconnect --addr "localhost:52479" --id "r1" --sid "s1"
1622911243254:sdisconnect
1622911547808:set-profile --profile SENDER
1622911576424:my-addr
1622911586802:set-profile --profile SENDER
1622911589465:my-addr
1622911595496:set-profile --profile RECEIVER
1622911615293:sconnect --addr "localhost:52494" --id "s1" --rid "r1"
1622911625157:rconnect --addr "localhost:52495" --id "r1" --sid "s1"
1622911629620:sdisconnect
1622911649568:sconnect --addr "localhost:52494" --id "s1" --rid "r1"
1622911690537:initfs --path "/Users/adman/Z.zip"
1622912371736:set-profile --profile RECEIVER
1622912373162:my-addr
1622912385250:help
1622912412474:set-profile --profile SENDER
1622912413865:my-addr
1622912425805:sconnect --addr "localhost:52520" --id "s1" --rid "r1"
1622912439262:rconnect --addr "localhost:52516" --id "r1" --sid "s1"
1622912454084:initfs --path "/Users/adman/Z/Other.zip"
1622913019951:set-profile --profile SENDER
1622913021692:my-addr
1622913028036:set-profile --profile RECEIVER
1622913030336:my-addr
1622913039321:sconnect --addr "localhost:52532" --id "s1" --rid "r1"
1622913048485:rconnect --addr "localhost:52533" --id "r1" --sid "s1"
1622913056316:initfs --path "/Users/adman/Z/Other.zip"
1622913096326:sdisconnect
1622913487249:sconnect --addr "localhost:52532" --id "s1" --rid "r1"
1622913494306:rdisconnect
1622913500283:
1622913675312:set-profile
1622913684801:set-profile --profile SENDER
1622913686172:my-addr
1622913690563:set-profile --profile RECEIVER
1622913691956:my-addr
1622913706094:sconnect --addr "localhost:52553" --id "s1" --rid "r1"
1622913723397:rconnect --addr "localhost:52554" --id "r1" --sid "s1"
1622913728151:sdisconnect
1622913740856:sconnect --addr "localhost:52553" --id "s1" --rid "r1"
1622913748147:rdisconnect
1622914261756:set-profile --profile RECEIVER
1622914262481:m
1622914264240:my-addr
1622914270482:set-profile --profile SENDER
1622914271987:my-addr
1622914282923:sconnect --addr "localhost:52584" --id "s1" --rid "r1"
1622914296280:rconnect --addr "localhost:52585" --id "r1" --sid "s1"
1622914300962:sdisconnect
1622914317788:sconnect --addr "localhost:52584" --id "s1" --rid "r1"
1622914323177:rdisconnect
1622914423916:set-profile --profile SENDER
1622914425113:my-addr
1622914430475:set-profile --profile RECEIVER
1622914431291:my-addr
1622914440904:sconnect --addr "localhost:52594" --id "s1" --rid "r1"
1622914449830:sconnect --addr "localhost:52595" --id "s1" --rid "r1"
1622914463010:rconnect --addr "localhost:52595" --id "r1" --sid "s1"
1622914468644:sdisconnect
1622914501919:sconnect --addr "localhost:52594" --id "s1" --rid "r1"
1622914508555:rdisconnect
1622914544303:sdisconnect
1622914887988:set-profile --profile SENDER
1622914889041:my-addr
1622914894511:set-profile --profile RECEIVER
1622914895609:my-addr
1622914922332:sconnect --addr "localhost:52679" --id "s1" --rid "r1"
1622914934364:rconnect --addr "localhost:52677" --id "r1" --sid "s1"
1622914938584:sdisconnect
1622914979907:sconnect --addr "localhost:52679" --id "s1" --rid "r1"
1622914985602:rdisconnect
1622915051433:set-profile --profile SENDER
1622915053131:my-addr
1622915056662:set-profile --profile RECEIVER
1622915057780:my-addr
1622915066925:sconnect --addr "localhost:52699" --id "s1" --rid "r1"
1622915080258:rconnect --addr "localhost:52700" --id "r1" --sid "s1"
1622915084398:rdisconnect
1622915164233:rconnect --addr "localhost:52700" --id "r1" --sid "s1"
1622915167060:sdisconnect
1622915185393:sconnect --addr "localhost:52699" --id "s1" --rid "r1"
1622915208979:initfs --path "/Users/adman/Z.zip"
1622915219568:rdisconnect
1622915807777:sconnect --addr "localhost:52699" --id "s1" --rid "r1"
1622915811443:rconnect --addr "localhost:52700" --id "r1" --sid "s1"
1622916877119:set-profile --profile SENDER
1622916879080:my-addr
1622916886277:set-profile --profile RECEIVER
1622916887585:my-addr
1622916897259:sconnect --addr "localhost:52917" --id "s1" --rid "r1"
1622916906527:rconnect --addr "localhost:52918" --id "r1" --sid "s1"
1622916911330:sdisconnect
1622916917771:sconnect --addr "localhost:52917" --id "s1" --rid "r1"
1622916947531:rdisconnect
1622917229744:set-profile --profile SENDER
1622917231034:my-addr
1622917234575:set-profile --profile RECEIVER
1622917235752:my-addr
1622917245761:sconnect --addr "localhost:52933" --id "s1" --rid "r1"
1622917258720:rconnect --addr "localhost:52934" --id "r1" --sid "s1"
1622917318923:initfs --path "/Users/adman/Z/Other.zip"
1622917393980:set-profile --profile SENDER
1622917395433:my-addr
1622917398165:set-profile
1622917403282:set-profile --profile RECEIVER
1622917404992:my-addr
1622917413688:sconnect --addr "localhost:52942" --id "s1" --rid "r1"
1622917420898:rconnect --addr "localhost:52943" --id "r1" --sid "s1"
1622917432870:initfs --path "/Users/adman/Z/Other.zip"
1622918130514:set-profile --profile SENDER
1622918131617:my-addr
1622918135388:set-profile --profile RECEIVER
1622918138766:my-addr
1622918248356:set-profile --profile SENDER
1622918249495:my-addr
1622918280588:set-profile --profile SENDER
1622918281950:my-addr
1622918398610:set-profile --profile SENDER
1622918414165:my-addr
1622918511052:set-profile --profile SENDER
1622918512401:my-addr
1622918516314:set-profile --profile RECEIVER
1622918517488:my-addr
1622918530540:sconnect --addr "localhost:53214" --id "s1" --rid "r1"
1622918541356:rconnect --addr "localhost:53216" --id "r1" --sid "s1"
1622918548749:initfs --path "/Users/adman/Z/Other.zip"
1622918751669:set-profile --profile SENDER
1622918753257:my-addr
1622918758989:set-profile --profile RECEIVER
1622918760002:my-addr
1622918770269:sconnect --addr "localhost:53225" --id "s1" --rid "r1"
1622918777609:rconnect --addr "localhost:53226" --id "r1" --sid "s1"
1622918782153:initfs --path "/Users/adman/Z/Other.zip"
